# JRE version: OpenJDK Runtime Environment (25.0.2+10) (build 25.0.2+10-69)
# Java VM: OpenJDK 64-Bit Server VM (25.0.2+10-69, mixed mode, sharing, tiered, compressed oops, compressed class ptrs, g1 gc, windows-amd64)
GC Precious Log:
 CardTable entry size: 512
 Card Set container configuration: InlinePtr #cards 5 size 8 Array Of Cards #cards 10 size 36 Howl #buckets 4 coarsen threshold 1843 Howl Bitmap #cards 512 size 80 coarsen threshold 460 Card regions per heap region 1 cards per card region 2048
 CPUs: 6 total, 6 available
 Memory: 7564M
 Large Page Support: Disabled
 NUMA Support: Disabled
 Compressed Oops: Enabled (32-bit)
 Heap Region Size: 1M
 Heap Min Capacity: 8M
 Heap Initial Capacity: 120M
 Heap Max Capacity: 1892M
 Pre-touch: Disabled
 Parallel Workers: 6
 Concurrent Workers: 2
 Concurrent Refinement Workers: 6
 Periodic GC: Disabled
Heap:
 garbage-first heap   total reserved 1937408K, committed 67584K, used 40655K [0x0000000089c00000, 0x0000000100000000)
  region size 1024K, 18 young (18432K), 4 survivors (4096K)
GC Heap Usage History (16 events):
Event: 2.073 {heap Before GC invocations=0 (full 0):
 garbage-first heap   total reserved 1937408K, committed 124928K, used 51347K [0x0000000089c00000, 0x0000000100000000)
  region size 1024K, 42 young (43008K), 0 survivors (0K)
}
Event: 2.081 {heap After GC invocations=1 (full 0):
 garbage-first heap   total reserved 1937408K, committed 124928K, used 11795K [0x0000000089c00000, 0x0000000100000000)
  region size 1024K, 6 young (6144K), 6 survivors (6144K)
}
Event: 4.130 {heap Before GC invocations=1 (full 0):
 garbage-first heap   total reserved 1937408K, committed 124928K, used 66067K [0x0000000089c00000, 0x0000000100000000)
  region size 1024K, 52 young (53248K), 6 survivors (6144K)
}
Event: 4.141 {heap After GC invocations=2 (full 0):
 garbage-first heap   total reserved 1937408K, committed 124928K, used 18363K [0x0000000089c00000, 0x0000000100000000)
  region size 1024K, 6 young (6144K), 6 survivors (6144K)
}
Event: 4.539 {heap Before GC invocations=2 (full 0):
 garbage-first heap   total reserved 1937408K, committed 124928K, used 46011K [0x0000000089c00000, 0x0000000100000000)
  region size 1024K, 35 young (35840K), 6 survivors (6144K)
}
Event: 4.545 {heap After GC invocations=3 (full 0):
 garbage-first heap   total reserved 1937408K, committed 124928K, used 17034K [0x0000000089c00000, 0x0000000100000000)
  region size 1024K, 2 young (2048K), 2 survivors (2048K)
}
Event: 9.704 {heap Before GC invocations=4 (full 0):
 garbage-first heap   total reserved 1937408K, committed 61440K, used 59018K [0x0000000089c00000, 0x0000000100000000)
  region size 1024K, 36 young (36864K), 2 survivors (2048K)
}
Event: 9.710 {heap After GC invocations=5 (full 0):
 garbage-first heap   total reserved 1937408K, committed 67584K, used 21127K [0x0000000089c00000, 0x0000000100000000)
  region size 1024K, 6 young (6144K), 6 survivors (6144K)
}
Event: 10.382 {heap Before GC invocations=5 (full 0):
 garbage-first heap   total reserved 1937408K, committed 67584K, used 48775K [0x0000000089c00000, 0x0000000100000000)
  region size 1024K, 34 young (34816K), 6 survivors (6144K)
}
Event: 10.387 {heap After GC invocations=6 (full 0):
 garbage-first heap   total reserved 1937408K, committed 67584K, used 21441K [0x0000000089c00000, 0x0000000100000000)
  region size 1024K, 3 young (3072K), 3 survivors (3072K)
}
Event: 11.258 {heap Before GC invocations=6 (full 0):
 garbage-first heap   total reserved 1937408K, committed 67584K, used 51137K [0x0000000089c00000, 0x0000000100000000)
  region size 1024K, 32 young (32768K), 3 survivors (3072K)
}
Event: 11.263 {heap After GC invocations=7 (full 0):
 garbage-first heap   total reserved 1937408K, committed 67584K, used 23197K [0x0000000089c00000, 0x0000000100000000)
  region size 1024K, 3 young (3072K), 3 survivors (3072K)
}
Event: 11.942 {heap Before GC invocations=7 (full 0):
 garbage-first heap   total reserved 1937408K, committed 67584K, used 40605K [0x0000000089c00000, 0x0000000100000000)
  region size 1024K, 21 young (21504K), 3 survivors (3072K)
}
Event: 11.948 {heap After GC invocations=8 (full 0):
 garbage-first heap   total reserved 1937408K, committed 67584K, used 24594K [0x0000000089c00000, 0x0000000100000000)
  region size 1024K, 2 young (2048K), 2 survivors (2048K)
}
Event: 13.862 {heap Before GC invocations=9 (full 0):
 garbage-first heap   total reserved 1937408K, committed 67584K, used 54290K [0x0000000089c00000, 0x0000000100000000)
  region size 1024K, 31 young (31744K), 2 survivors (2048K)
}
Event: 13.866 {heap After GC invocations=10 (full 0):
 garbage-first heap   total reserved 1937408K, committed 67584K, used 27343K [0x0000000089c00000, 0x0000000100000000)
  region size 1024K, 4 young (4096K), 4 survivors (4096K)
}

