# JRE version: OpenJDK Runtime Environment (25.0.2+10) (build 25.0.2+10-69)
# Java VM: OpenJDK 64-Bit Server VM (25.0.2+10-69, mixed mode, sharing, tiered, compressed oops, compressed class ptrs, g1 gc, windows-amd64)
GC Precious Log:
 CardTable entry size: 512
 Card Set container configuration: InlinePtr #cards 5 size 8 Array Of Cards #cards 10 size 36 Howl #buckets 4 coarsen threshold 1843 Howl Bitmap #cards 512 size 80 coarsen threshold 460 Card regions per heap region 1 cards per card region 2048
 CPUs: 6 total, 6 available
 Memory: 7564M
 Large Page Support: Disabled
 NUMA Support: Disabled
 Compressed Oops: Enabled (32-bit)
 Heap Region Size: 1M
 Heap Min Capacity: 8M
 Heap Initial Capacity: 120M
 Heap Max Capacity: 1892M
 Pre-touch: Disabled
 Parallel Workers: 6
 Concurrent Workers: 2
 Concurrent Refinement Workers: 6
 Periodic GC: Disabled
Heap:
 garbage-first heap   total reserved 1937408K, committed 67584K, used 38825K [0x0000000089c00000, 0x0000000100000000)
  region size 1024K, 9 young (9216K), 3 survivors (3072K)
GC Heap Usage History (20 events):
Event: 1.600 {heap Before GC invocations=0 (full 0):
 garbage-first heap   total reserved 1937408K, committed 124928K, used 51347K [0x0000000089c00000, 0x0000000100000000)
  region size 1024K, 42 young (43008K), 0 survivors (0K)
}
Event: 1.608 {heap After GC invocations=1 (full 0):
 garbage-first heap   total reserved 1937408K, committed 124928K, used 12083K [0x0000000089c00000, 0x0000000100000000)
  region size 1024K, 6 young (6144K), 6 survivors (6144K)
}
Event: 3.589 {heap Before GC invocations=1 (full 0):
 garbage-first heap   total reserved 1937408K, committed 124928K, used 66355K [0x0000000089c00000, 0x0000000100000000)
  region size 1024K, 52 young (53248K), 6 survivors (6144K)
}
Event: 3.599 {heap After GC invocations=2 (full 0):
 garbage-first heap   total reserved 1937408K, committed 124928K, used 18562K [0x0000000089c00000, 0x0000000100000000)
  region size 1024K, 6 young (6144K), 6 survivors (6144K)
}
Event: 3.905 {heap Before GC invocations=2 (full 0):
 garbage-first heap   total reserved 1937408K, committed 124928K, used 46210K [0x0000000089c00000, 0x0000000100000000)
  region size 1024K, 35 young (35840K), 6 survivors (6144K)
}
Event: 3.909 {heap After GC invocations=3 (full 0):
 garbage-first heap   total reserved 1937408K, committed 124928K, used 17215K [0x0000000089c00000, 0x0000000100000000)
  region size 1024K, 2 young (2048K), 2 survivors (2048K)
}
Event: 8.066 {heap Before GC invocations=4 (full 0):
 garbage-first heap   total reserved 1937408K, committed 61440K, used 59199K [0x0000000089c00000, 0x0000000100000000)
  region size 1024K, 36 young (36864K), 2 survivors (2048K)
}
Event: 8.070 {heap After GC invocations=5 (full 0):
 garbage-first heap   total reserved 1937408K, committed 67584K, used 21162K [0x0000000089c00000, 0x0000000100000000)
  region size 1024K, 6 young (6144K), 6 survivors (6144K)
}
Event: 8.584 {heap Before GC invocations=5 (full 0):
 garbage-first heap   total reserved 1937408K, committed 67584K, used 48810K [0x0000000089c00000, 0x0000000100000000)
  region size 1024K, 34 young (34816K), 6 survivors (6144K)
}
Event: 8.589 {heap After GC invocations=6 (full 0):
 garbage-first heap   total reserved 1937408K, committed 67584K, used 22090K [0x0000000089c00000, 0x0000000100000000)
  region size 1024K, 4 young (4096K), 4 survivors (4096K)
}
Event: 9.319 {heap Before GC invocations=6 (full 0):
 garbage-first heap   total reserved 1937408K, committed 67584K, used 49738K [0x0000000089c00000, 0x0000000100000000)
  region size 1024K, 32 young (32768K), 4 survivors (4096K)
}
Event: 9.322 {heap After GC invocations=7 (full 0):
 garbage-first heap   total reserved 1937408K, committed 67584K, used 23519K [0x0000000089c00000, 0x0000000100000000)
  region size 1024K, 3 young (3072K), 3 survivors (3072K)
}
Event: 10.060 {heap Before GC invocations=7 (full 0):
 garbage-first heap   total reserved 1937408K, committed 67584K, used 41951K [0x0000000089c00000, 0x0000000100000000)
  region size 1024K, 22 young (22528K), 3 survivors (3072K)
}
Event: 10.065 {heap After GC invocations=8 (full 0):
 garbage-first heap   total reserved 1937408K, committed 67584K, used 24943K [0x0000000089c00000, 0x0000000100000000)
  region size 1024K, 2 young (2048K), 2 survivors (2048K)
}
Event: 11.742 {heap Before GC invocations=9 (full 0):
 garbage-first heap   total reserved 1937408K, committed 67584K, used 54639K [0x0000000089c00000, 0x0000000100000000)
  region size 1024K, 31 young (31744K), 2 survivors (2048K)
}
Event: 11.746 {heap After GC invocations=10 (full 0):
 garbage-first heap   total reserved 1937408K, committed 67584K, used 27648K [0x0000000089c00000, 0x0000000100000000)
  region size 1024K, 4 young (4096K), 4 survivors (4096K)
}
Event: 14.436 {heap Before GC invocations=10 (full 0):
 garbage-first heap   total reserved 1937408K, committed 67584K, used 55296K [0x0000000089c00000, 0x0000000100000000)
  region size 1024K, 32 young (32768K), 4 survivors (4096K)
}
Event: 14.446 {heap After GC invocations=11 (full 0):
 garbage-first heap   total reserved 1937408K, committed 67584K, used 30907K [0x0000000089c00000, 0x0000000100000000)
  region size 1024K, 4 young (4096K), 4 survivors (4096K)
}
Event: 97.557 {heap Before GC invocations=11 (full 0):
 garbage-first heap   total reserved 1937408K, committed 67584K, used 56507K [0x0000000089c00000, 0x0000000100000000)
  region size 1024K, 29 young (29696K), 4 survivors (4096K)
}
Event: 97.594 {heap After GC invocations=12 (full 0):
 garbage-first heap   total reserved 1937408K, committed 67584K, used 33705K [0x0000000089c00000, 0x0000000100000000)
  region size 1024K, 3 young (3072K), 3 survivors (3072K)
}

