# JRE version: OpenJDK Runtime Environment (25.0.2+10) (build 25.0.2+10-69)
# Java VM: OpenJDK 64-Bit Server VM (25.0.2+10-69, mixed mode, sharing, tiered, compressed oops, compressed class ptrs, g1 gc, windows-amd64)
GC Precious Log:
 CardTable entry size: 512
 Card Set container configuration: InlinePtr #cards 5 size 8 Array Of Cards #cards 10 size 36 Howl #buckets 4 coarsen threshold 1843 Howl Bitmap #cards 512 size 80 coarsen threshold 460 Card regions per heap region 1 cards per card region 2048
 CPUs: 6 total, 6 available
 Memory: 7564M
 Large Page Support: Disabled
 NUMA Support: Disabled
 Compressed Oops: Enabled (32-bit)
 Heap Region Size: 1M
 Heap Min Capacity: 8M
 Heap Initial Capacity: 120M
 Heap Max Capacity: 1892M
 Pre-touch: Disabled
 Parallel Workers: 6
 Concurrent Workers: 2
 Concurrent Refinement Workers: 6
 Periodic GC: Disabled
Heap:
 garbage-first heap   total reserved 1937408K, committed 87040K, used 58838K [0x0000000089c00000, 0x0000000100000000)
  region size 1024K, 20 young (20480K), 3 survivors (3072K)
GC Heap Usage History (20 events):
Event: 2.351 {heap Before GC invocations=0 (full 0):
 garbage-first heap   total reserved 1937408K, committed 124928K, used 52371K [0x0000000089c00000, 0x0000000100000000)
  region size 1024K, 42 young (43008K), 0 survivors (0K)
}
Event: 2.364 {heap After GC invocations=1 (full 0):
 garbage-first heap   total reserved 1937408K, committed 124928K, used 18323K [0x0000000089c00000, 0x0000000100000000)
  region size 1024K, 6 young (6144K), 6 survivors (6144K)
}
Event: 4.520 {heap Before GC invocations=1 (full 0):
 garbage-first heap   total reserved 1937408K, committed 124928K, used 61331K [0x0000000089c00000, 0x0000000100000000)
  region size 1024K, 48 young (49152K), 6 survivors (6144K)
}
Event: 4.532 {heap After GC invocations=2 (full 0):
 garbage-first heap   total reserved 1937408K, committed 124928K, used 22977K [0x0000000089c00000, 0x0000000100000000)
  region size 1024K, 5 young (5120K), 5 survivors (5120K)
}
Event: 5.410 {heap Before GC invocations=2 (full 0):
 garbage-first heap   total reserved 1937408K, committed 124928K, used 43457K [0x0000000089c00000, 0x0000000100000000)
  region size 1024K, 27 young (27648K), 5 survivors (5120K)
}
Event: 5.416 {heap After GC invocations=3 (full 0):
 garbage-first heap   total reserved 1937408K, committed 124928K, used 24723K [0x0000000089c00000, 0x0000000100000000)
  region size 1024K, 2 young (2048K), 2 survivors (2048K)
}
Event: 10.410 {heap Before GC invocations=4 (full 0):
 garbage-first heap   total reserved 1937408K, committed 86016K, used 73875K [0x0000000089c00000, 0x0000000100000000)
  region size 1024K, 50 young (51200K), 2 survivors (2048K)
}
Event: 10.419 {heap After GC invocations=5 (full 0):
 garbage-first heap   total reserved 1937408K, committed 86016K, used 29823K [0x0000000089c00000, 0x0000000100000000)
  region size 1024K, 7 young (7168K), 7 survivors (7168K)
}
Event: 12.197 {heap Before GC invocations=5 (full 0):
 garbage-first heap   total reserved 1937408K, committed 86016K, used 64639K [0x0000000089c00000, 0x0000000100000000)
  region size 1024K, 41 young (41984K), 7 survivors (7168K)
}
Event: 12.205 {heap After GC invocations=6 (full 0):
 garbage-first heap   total reserved 1937408K, committed 86016K, used 32058K [0x0000000089c00000, 0x0000000100000000)
  region size 1024K, 4 young (4096K), 4 survivors (4096K)
}
Event: 12.814 {heap Before GC invocations=6 (full 0):
 garbage-first heap   total reserved 1937408K, committed 86016K, used 44346K [0x0000000089c00000, 0x0000000100000000)
  region size 1024K, 17 young (17408K), 4 survivors (4096K)
}
Event: 12.818 {heap After GC invocations=7 (full 0):
 garbage-first heap   total reserved 1937408K, committed 86016K, used 33035K [0x0000000089c00000, 0x0000000100000000)
  region size 1024K, 2 young (2048K), 2 survivors (2048K)
}
Event: 20.992 {heap Before GC invocations=8 (full 0):
 garbage-first heap   total reserved 1937408K, committed 86016K, used 67851K [0x0000000089c00000, 0x0000000100000000)
  region size 1024K, 37 young (37888K), 2 survivors (2048K)
}
Event: 21.000 {heap After GC invocations=9 (full 0):
 garbage-first heap   total reserved 1937408K, committed 86016K, used 34969K [0x0000000089c00000, 0x0000000100000000)
  region size 1024K, 4 young (4096K), 4 survivors (4096K)
}
Event: 24.390 {heap Before GC invocations=9 (full 0):
 garbage-first heap   total reserved 1937408K, committed 86016K, used 76953K [0x0000000089c00000, 0x0000000100000000)
  region size 1024K, 39 young (39936K), 4 survivors (4096K)
}
Event: 24.405 {heap After GC invocations=10 (full 0):
 garbage-first heap   total reserved 1937408K, committed 87040K, used 37878K [0x0000000089c00000, 0x0000000100000000)
  region size 1024K, 5 young (5120K), 5 survivors (5120K)
}
Event: 26.566 {heap Before GC invocations=10 (full 0):
 garbage-first heap   total reserved 1937408K, committed 87040K, used 72694K [0x0000000089c00000, 0x0000000100000000)
  region size 1024K, 39 young (39936K), 5 survivors (5120K)
}
Event: 26.574 {heap After GC invocations=11 (full 0):
 garbage-first heap   total reserved 1937408K, committed 87040K, used 40769K [0x0000000089c00000, 0x0000000100000000)
  region size 1024K, 3 young (3072K), 3 survivors (3072K)
}
Event: 28.795 {heap Before GC invocations=11 (full 0):
 garbage-first heap   total reserved 1937408K, committed 87040K, used 66369K [0x0000000089c00000, 0x0000000100000000)
  region size 1024K, 29 young (29696K), 3 survivors (3072K)
}
Event: 28.809 {heap After GC invocations=12 (full 0):
 garbage-first heap   total reserved 1937408K, committed 87040K, used 43478K [0x0000000089c00000, 0x0000000100000000)
  region size 1024K, 3 young (3072K), 3 survivors (3072K)
}

